<?xml version="1.0" encoding="UTF-8"?>
<testsuite xmlns:xsi="http://www.w3.org/2001/XMLSchema-instance" xsi:noNamespaceSchemaLocation="https://maven.apache.org/surefire/maven-surefire-plugin/xsd/surefire-test-report.xsd" name="cn.lq.RedisManagerApplicationTests" time="4.171" tests="1" errors="0" skipped="0" failures="0">
  <properties>
    <property name="sun.desktop" value="windows"/>
    <property name="awt.toolkit" value="sun.awt.windows.WToolkit"/>
    <property name="file.encoding.pkg" value="sun.io"/>
    <property name="java.specification.version" value="1.8"/>
    <property name="sun.cpu.isalist" value="amd64"/>
    <property name="sun.jnu.encoding" value="GBK"/>
    <property name="java.class.path" value="D:\sts_space\redisManager\target\test-classes;D:\sts_space\redisManager\target\classes;D:\mavenlib\org\springframework\boot\spring-boot-starter-data-redis\2.0.3.RELEASE\spring-boot-starter-data-redis-2.0.3.RELEASE.jar;D:\mavenlib\org\springframework\boot\spring-boot-starter\2.0.3.RELEASE\spring-boot-starter-2.0.3.RELEASE.jar;D:\mavenlib\org\springframework\boot\spring-boot-starter-logging\2.0.3.RELEASE\spring-boot-starter-logging-2.0.3.RELEASE.jar;D:\mavenlib\ch\qos\logback\logback-classic\1.2.3\logback-classic-1.2.3.jar;D:\mavenlib\ch\qos\logback\logback-core\1.2.3\logback-core-1.2.3.jar;D:\mavenlib\org\apache\logging\log4j\log4j-to-slf4j\2.10.0\log4j-to-slf4j-2.10.0.jar;D:\mavenlib\org\apache\logging\log4j\log4j-api\2.10.0\log4j-api-2.10.0.jar;D:\mavenlib\org\slf4j\jul-to-slf4j\1.7.25\jul-to-slf4j-1.7.25.jar;D:\mavenlib\javax\annotation\javax.annotation-api\1.3.2\javax.annotation-api-1.3.2.jar;D:\mavenlib\org\yaml\snakeyaml\1.19\snakeyaml-1.19.jar;D:\mavenlib\org\springframework\data\spring-data-redis\2.0.8.RELEASE\spring-data-redis-2.0.8.RELEASE.jar;D:\mavenlib\org\springframework\data\spring-data-keyvalue\2.0.8.RELEASE\spring-data-keyvalue-2.0.8.RELEASE.jar;D:\mavenlib\org\springframework\data\spring-data-commons\2.0.8.RELEASE\spring-data-commons-2.0.8.RELEASE.jar;D:\mavenlib\org\springframework\spring-tx\5.0.7.RELEASE\spring-tx-5.0.7.RELEASE.jar;D:\mavenlib\org\springframework\spring-oxm\5.0.7.RELEASE\spring-oxm-5.0.7.RELEASE.jar;D:\mavenlib\org\springframework\spring-aop\5.0.7.RELEASE\spring-aop-5.0.7.RELEASE.jar;D:\mavenlib\org\springframework\spring-context-support\5.0.7.RELEASE\spring-context-support-5.0.7.RELEASE.jar;D:\mavenlib\org\slf4j\slf4j-api\1.7.25\slf4j-api-1.7.25.jar;D:\mavenlib\io\lettuce\lettuce-core\5.0.4.RELEASE\lettuce-core-5.0.4.RELEASE.jar;D:\mavenlib\io\projectreactor\reactor-core\3.1.8.RELEASE\reactor-core-3.1.8.RELEASE.jar;D:\mavenlib\org\reactivestreams\reactive-streams\1.0.2\reactive-streams-1.0.2.jar;D:\mavenlib\io\netty\netty-common\4.1.25.Final\netty-common-4.1.25.Final.jar;D:\mavenlib\io\netty\netty-transport\4.1.25.Final\netty-transport-4.1.25.Final.jar;D:\mavenlib\io\netty\netty-buffer\4.1.25.Final\netty-buffer-4.1.25.Final.jar;D:\mavenlib\io\netty\netty-resolver\4.1.25.Final\netty-resolver-4.1.25.Final.jar;D:\mavenlib\io\netty\netty-handler\4.1.25.Final\netty-handler-4.1.25.Final.jar;D:\mavenlib\io\netty\netty-codec\4.1.25.Final\netty-codec-4.1.25.Final.jar;D:\mavenlib\org\springframework\boot\spring-boot-starter-web\2.0.3.RELEASE\spring-boot-starter-web-2.0.3.RELEASE.jar;D:\mavenlib\org\springframework\boot\spring-boot-starter-json\2.0.3.RELEASE\spring-boot-starter-json-2.0.3.RELEASE.jar;D:\mavenlib\com\fasterxml\jackson\core\jackson-databind\2.9.6\jackson-databind-2.9.6.jar;D:\mavenlib\com\fasterxml\jackson\core\jackson-annotations\2.9.0\jackson-annotations-2.9.0.jar;D:\mavenlib\com\fasterxml\jackson\core\jackson-core\2.9.6\jackson-core-2.9.6.jar;D:\mavenlib\com\fasterxml\jackson\datatype\jackson-datatype-jdk8\2.9.6\jackson-datatype-jdk8-2.9.6.jar;D:\mavenlib\com\fasterxml\jackson\datatype\jackson-datatype-jsr310\2.9.6\jackson-datatype-jsr310-2.9.6.jar;D:\mavenlib\com\fasterxml\jackson\module\jackson-module-parameter-names\2.9.6\jackson-module-parameter-names-2.9.6.jar;D:\mavenlib\org\springframework\boot\spring-boot-starter-tomcat\2.0.3.RELEASE\spring-boot-starter-tomcat-2.0.3.RELEASE.jar;D:\mavenlib\org\apache\tomcat\embed\tomcat-embed-core\8.5.31\tomcat-embed-core-8.5.31.jar;D:\mavenlib\org\apache\tomcat\embed\tomcat-embed-el\8.5.31\tomcat-embed-el-8.5.31.jar;D:\mavenlib\org\apache\tomcat\embed\tomcat-embed-websocket\8.5.31\tomcat-embed-websocket-8.5.31.jar;D:\mavenlib\org\hibernate\validator\hibernate-validator\6.0.10.Final\hibernate-validator-6.0.10.Final.jar;D:\mavenlib\javax\validation\validation-api\2.0.1.Final\validation-api-2.0.1.Final.jar;D:\mavenlib\org\jboss\logging\jboss-logging\3.3.2.Final\jboss-logging-3.3.2.Final.jar;D:\mavenlib\com\fasterxml\classmate\1.3.4\classmate-1.3.4.jar;D:\mavenlib\org\springframework\spring-web\5.0.7.RELEASE\spring-web-5.0.7.RELEASE.jar;D:\mavenlib\org\springframework\spring-beans\5.0.7.RELEASE\spring-beans-5.0.7.RELEASE.jar;D:\mavenlib\org\springframework\spring-webmvc\5.0.7.RELEASE\spring-webmvc-5.0.7.RELEASE.jar;D:\mavenlib\org\springframework\spring-context\5.0.7.RELEASE\spring-context-5.0.7.RELEASE.jar;D:\mavenlib\org\springframework\spring-expression\5.0.7.RELEASE\spring-expression-5.0.7.RELEASE.jar;D:\mavenlib\org\springframework\boot\spring-boot-devtools\2.0.3.RELEASE\spring-boot-devtools-2.0.3.RELEASE.jar;D:\mavenlib\org\springframework\boot\spring-boot\2.0.3.RELEASE\spring-boot-2.0.3.RELEASE.jar;D:\mavenlib\org\springframework\boot\spring-boot-autoconfigure\2.0.3.RELEASE\spring-boot-autoconfigure-2.0.3.RELEASE.jar;D:\mavenlib\org\apache\commons\commons-lang3\3.7\commons-lang3-3.7.jar;D:\mavenlib\redis\clients\jedis\2.9.0\jedis-2.9.0.jar;D:\mavenlib\org\apache\commons\commons-pool2\2.5.0\commons-pool2-2.5.0.jar;D:\mavenlib\com\alibaba\fastjson\1.2.31\fastjson-1.2.31.jar;D:\mavenlib\org\springframework\boot\spring-boot-starter-test\2.0.3.RELEASE\spring-boot-starter-test-2.0.3.RELEASE.jar;D:\mavenlib\org\springframework\boot\spring-boot-test\2.0.3.RELEASE\spring-boot-test-2.0.3.RELEASE.jar;D:\mavenlib\org\springframework\boot\spring-boot-test-autoconfigure\2.0.3.RELEASE\spring-boot-test-autoconfigure-2.0.3.RELEASE.jar;D:\mavenlib\com\jayway\jsonpath\json-path\2.4.0\json-path-2.4.0.jar;D:\mavenlib\net\minidev\json-smart\2.3\json-smart-2.3.jar;D:\mavenlib\net\minidev\accessors-smart\1.2\accessors-smart-1.2.jar;D:\mavenlib\org\ow2\asm\asm\5.0.4\asm-5.0.4.jar;D:\mavenlib\junit\junit\4.12\junit-4.12.jar;D:\mavenlib\org\assertj\assertj-core\3.9.1\assertj-core-3.9.1.jar;D:\mavenlib\org\mockito\mockito-core\2.15.0\mockito-core-2.15.0.jar;D:\mavenlib\net\bytebuddy\byte-buddy\1.7.11\byte-buddy-1.7.11.jar;D:\mavenlib\net\bytebuddy\byte-buddy-agent\1.7.11\byte-buddy-agent-1.7.11.jar;D:\mavenlib\org\objenesis\objenesis\2.6\objenesis-2.6.jar;D:\mavenlib\org\hamcrest\hamcrest-core\1.3\hamcrest-core-1.3.jar;D:\mavenlib\org\hamcrest\hamcrest-library\1.3\hamcrest-library-1.3.jar;D:\mavenlib\org\skyscreamer\jsonassert\1.5.0\jsonassert-1.5.0.jar;D:\mavenlib\com\vaadin\external\google\android-json\0.0.20131108.vaadin1\android-json-0.0.20131108.vaadin1.jar;D:\mavenlib\org\springframework\spring-core\5.0.7.RELEASE\spring-core-5.0.7.RELEASE.jar;D:\mavenlib\org\springframework\spring-jcl\5.0.7.RELEASE\spring-jcl-5.0.7.RELEASE.jar;D:\mavenlib\org\springframework\spring-test\5.0.7.RELEASE\spring-test-5.0.7.RELEASE.jar;D:\mavenlib\org\xmlunit\xmlunit-core\2.5.1\xmlunit-core-2.5.1.jar;D:\mavenlib\org\springframework\boot\spring-boot-configuration-processor\2.0.3.RELEASE\spring-boot-configuration-processor-2.0.3.RELEASE.jar;"/>
    <property name="java.vm.vendor" value="Oracle Corporation"/>
    <property name="sun.arch.data.model" value="64"/>
    <property name="user.variant" value=""/>
    <property name="java.vendor.url" value="http://java.oracle.com/"/>
    <property name="user.timezone" value=""/>
    <property name="java.vm.specification.version" value="1.8"/>
    <property name="os.name" value="Windows 10"/>
    <property name="user.country" value="CN"/>
    <property name="sun.java.launcher" value="SUN_STANDARD"/>
    <property name="sun.boot.library.path" value="C:\Program Files\Java\jdk1.8.0_161\jre\bin"/>
    <property name="sun.java.command" value="C:\Users\liuqiang\AppData\Local\Temp\surefire2732798000007183736\surefirebooter1464830430605286156.jar C:\Users\liuqiang\AppData\Local\Temp\surefire2732798000007183736 2018-07-31T16-22-41_009-jvmRun1 surefire955420384133336940tmp surefire_01178870271556761732tmp"/>
    <property name="surefire.test.class.path" value="D:\sts_space\redisManager\target\test-classes;D:\sts_space\redisManager\target\classes;D:\mavenlib\org\springframework\boot\spring-boot-starter-data-redis\2.0.3.RELEASE\spring-boot-starter-data-redis-2.0.3.RELEASE.jar;D:\mavenlib\org\springframework\boot\spring-boot-starter\2.0.3.RELEASE\spring-boot-starter-2.0.3.RELEASE.jar;D:\mavenlib\org\springframework\boot\spring-boot-starter-logging\2.0.3.RELEASE\spring-boot-starter-logging-2.0.3.RELEASE.jar;D:\mavenlib\ch\qos\logback\logback-classic\1.2.3\logback-classic-1.2.3.jar;D:\mavenlib\ch\qos\logback\logback-core\1.2.3\logback-core-1.2.3.jar;D:\mavenlib\org\apache\logging\log4j\log4j-to-slf4j\2.10.0\log4j-to-slf4j-2.10.0.jar;D:\mavenlib\org\apache\logging\log4j\log4j-api\2.10.0\log4j-api-2.10.0.jar;D:\mavenlib\org\slf4j\jul-to-slf4j\1.7.25\jul-to-slf4j-1.7.25.jar;D:\mavenlib\javax\annotation\javax.annotation-api\1.3.2\javax.annotation-api-1.3.2.jar;D:\mavenlib\org\yaml\snakeyaml\1.19\snakeyaml-1.19.jar;D:\mavenlib\org\springframework\data\spring-data-redis\2.0.8.RELEASE\spring-data-redis-2.0.8.RELEASE.jar;D:\mavenlib\org\springframework\data\spring-data-keyvalue\2.0.8.RELEASE\spring-data-keyvalue-2.0.8.RELEASE.jar;D:\mavenlib\org\springframework\data\spring-data-commons\2.0.8.RELEASE\spring-data-commons-2.0.8.RELEASE.jar;D:\mavenlib\org\springframework\spring-tx\5.0.7.RELEASE\spring-tx-5.0.7.RELEASE.jar;D:\mavenlib\org\springframework\spring-oxm\5.0.7.RELEASE\spring-oxm-5.0.7.RELEASE.jar;D:\mavenlib\org\springframework\spring-aop\5.0.7.RELEASE\spring-aop-5.0.7.RELEASE.jar;D:\mavenlib\org\springframework\spring-context-support\5.0.7.RELEASE\spring-context-support-5.0.7.RELEASE.jar;D:\mavenlib\org\slf4j\slf4j-api\1.7.25\slf4j-api-1.7.25.jar;D:\mavenlib\io\lettuce\lettuce-core\5.0.4.RELEASE\lettuce-core-5.0.4.RELEASE.jar;D:\mavenlib\io\projectreactor\reactor-core\3.1.8.RELEASE\reactor-core-3.1.8.RELEASE.jar;D:\mavenlib\org\reactivestreams\reactive-streams\1.0.2\reactive-streams-1.0.2.jar;D:\mavenlib\io\netty\netty-common\4.1.25.Final\netty-common-4.1.25.Final.jar;D:\mavenlib\io\netty\netty-transport\4.1.25.Final\netty-transport-4.1.25.Final.jar;D:\mavenlib\io\netty\netty-buffer\4.1.25.Final\netty-buffer-4.1.25.Final.jar;D:\mavenlib\io\netty\netty-resolver\4.1.25.Final\netty-resolver-4.1.25.Final.jar;D:\mavenlib\io\netty\netty-handler\4.1.25.Final\netty-handler-4.1.25.Final.jar;D:\mavenlib\io\netty\netty-codec\4.1.25.Final\netty-codec-4.1.25.Final.jar;D:\mavenlib\org\springframework\boot\spring-boot-starter-web\2.0.3.RELEASE\spring-boot-starter-web-2.0.3.RELEASE.jar;D:\mavenlib\org\springframework\boot\spring-boot-starter-json\2.0.3.RELEASE\spring-boot-starter-json-2.0.3.RELEASE.jar;D:\mavenlib\com\fasterxml\jackson\core\jackson-databind\2.9.6\jackson-databind-2.9.6.jar;D:\mavenlib\com\fasterxml\jackson\core\jackson-annotations\2.9.0\jackson-annotations-2.9.0.jar;D:\mavenlib\com\fasterxml\jackson\core\jackson-core\2.9.6\jackson-core-2.9.6.jar;D:\mavenlib\com\fasterxml\jackson\datatype\jackson-datatype-jdk8\2.9.6\jackson-datatype-jdk8-2.9.6.jar;D:\mavenlib\com\fasterxml\jackson\datatype\jackson-datatype-jsr310\2.9.6\jackson-datatype-jsr310-2.9.6.jar;D:\mavenlib\com\fasterxml\jackson\module\jackson-module-parameter-names\2.9.6\jackson-module-parameter-names-2.9.6.jar;D:\mavenlib\org\springframework\boot\spring-boot-starter-tomcat\2.0.3.RELEASE\spring-boot-starter-tomcat-2.0.3.RELEASE.jar;D:\mavenlib\org\apache\tomcat\embed\tomcat-embed-core\8.5.31\tomcat-embed-core-8.5.31.jar;D:\mavenlib\org\apache\tomcat\embed\tomcat-embed-el\8.5.31\tomcat-embed-el-8.5.31.jar;D:\mavenlib\org\apache\tomcat\embed\tomcat-embed-websocket\8.5.31\tomcat-embed-websocket-8.5.31.jar;D:\mavenlib\org\hibernate\validator\hibernate-validator\6.0.10.Final\hibernate-validator-6.0.10.Final.jar;D:\mavenlib\javax\validation\validation-api\2.0.1.Final\validation-api-2.0.1.Final.jar;D:\mavenlib\org\jboss\logging\jboss-logging\3.3.2.Final\jboss-logging-3.3.2.Final.jar;D:\mavenlib\com\fasterxml\classmate\1.3.4\classmate-1.3.4.jar;D:\mavenlib\org\springframework\spring-web\5.0.7.RELEASE\spring-web-5.0.7.RELEASE.jar;D:\mavenlib\org\springframework\spring-beans\5.0.7.RELEASE\spring-beans-5.0.7.RELEASE.jar;D:\mavenlib\org\springframework\spring-webmvc\5.0.7.RELEASE\spring-webmvc-5.0.7.RELEASE.jar;D:\mavenlib\org\springframework\spring-context\5.0.7.RELEASE\spring-context-5.0.7.RELEASE.jar;D:\mavenlib\org\springframework\spring-expression\5.0.7.RELEASE\spring-expression-5.0.7.RELEASE.jar;D:\mavenlib\org\springframework\boot\spring-boot-devtools\2.0.3.RELEASE\spring-boot-devtools-2.0.3.RELEASE.jar;D:\mavenlib\org\springframework\boot\spring-boot\2.0.3.RELEASE\spring-boot-2.0.3.RELEASE.jar;D:\mavenlib\org\springframework\boot\spring-boot-autoconfigure\2.0.3.RELEASE\spring-boot-autoconfigure-2.0.3.RELEASE.jar;D:\mavenlib\org\apache\commons\commons-lang3\3.7\commons-lang3-3.7.jar;D:\mavenlib\redis\clients\jedis\2.9.0\jedis-2.9.0.jar;D:\mavenlib\org\apache\commons\commons-pool2\2.5.0\commons-pool2-2.5.0.jar;D:\mavenlib\com\alibaba\fastjson\1.2.31\fastjson-1.2.31.jar;D:\mavenlib\org\springframework\boot\spring-boot-starter-test\2.0.3.RELEASE\spring-boot-starter-test-2.0.3.RELEASE.jar;D:\mavenlib\org\springframework\boot\spring-boot-test\2.0.3.RELEASE\spring-boot-test-2.0.3.RELEASE.jar;D:\mavenlib\org\springframework\boot\spring-boot-test-autoconfigure\2.0.3.RELEASE\spring-boot-test-autoconfigure-2.0.3.RELEASE.jar;D:\mavenlib\com\jayway\jsonpath\json-path\2.4.0\json-path-2.4.0.jar;D:\mavenlib\net\minidev\json-smart\2.3\json-smart-2.3.jar;D:\mavenlib\net\minidev\accessors-smart\1.2\accessors-smart-1.2.jar;D:\mavenlib\org\ow2\asm\asm\5.0.4\asm-5.0.4.jar;D:\mavenlib\junit\junit\4.12\junit-4.12.jar;D:\mavenlib\org\assertj\assertj-core\3.9.1\assertj-core-3.9.1.jar;D:\mavenlib\org\mockito\mockito-core\2.15.0\mockito-core-2.15.0.jar;D:\mavenlib\net\bytebuddy\byte-buddy\1.7.11\byte-buddy-1.7.11.jar;D:\mavenlib\net\bytebuddy\byte-buddy-agent\1.7.11\byte-buddy-agent-1.7.11.jar;D:\mavenlib\org\objenesis\objenesis\2.6\objenesis-2.6.jar;D:\mavenlib\org\hamcrest\hamcrest-core\1.3\hamcrest-core-1.3.jar;D:\mavenlib\org\hamcrest\hamcrest-library\1.3\hamcrest-library-1.3.jar;D:\mavenlib\org\skyscreamer\jsonassert\1.5.0\jsonassert-1.5.0.jar;D:\mavenlib\com\vaadin\external\google\android-json\0.0.20131108.vaadin1\android-json-0.0.20131108.vaadin1.jar;D:\mavenlib\org\springframework\spring-core\5.0.7.RELEASE\spring-core-5.0.7.RELEASE.jar;D:\mavenlib\org\springframework\spring-jcl\5.0.7.RELEASE\spring-jcl-5.0.7.RELEASE.jar;D:\mavenlib\org\springframework\spring-test\5.0.7.RELEASE\spring-test-5.0.7.RELEASE.jar;D:\mavenlib\org\xmlunit\xmlunit-core\2.5.1\xmlunit-core-2.5.1.jar;D:\mavenlib\org\springframework\boot\spring-boot-configuration-processor\2.0.3.RELEASE\spring-boot-configuration-processor-2.0.3.RELEASE.jar;"/>
    <property name="sun.cpu.endian" value="little"/>
    <property name="user.home" value="C:\Users\liuqiang"/>
    <property name="user.language" value="zh"/>
    <property name="java.specification.vendor" value="Oracle Corporation"/>
    <property name="java.home" value="C:\Program Files\Java\jdk1.8.0_161\jre"/>
    <property name="basedir" value="D:\sts_space\redisManager"/>
    <property name="file.separator" value="\"/>
    <property name="line.separator" value="&#10;"/>
    <property name="java.vm.specification.vendor" value="Oracle Corporation"/>
    <property name="java.specification.name" value="Java Platform API Specification"/>
    <property name="java.awt.graphicsenv" value="sun.awt.Win32GraphicsEnvironment"/>
    <property name="surefire.real.class.path" value="C:\Users\liuqiang\AppData\Local\Temp\surefire2732798000007183736\surefirebooter1464830430605286156.jar"/>
    <property name="sun.boot.class.path" value="C:\Program Files\Java\jdk1.8.0_161\jre\lib\resources.jar;C:\Program Files\Java\jdk1.8.0_161\jre\lib\rt.jar;C:\Program Files\Java\jdk1.8.0_161\jre\lib\sunrsasign.jar;C:\Program Files\Java\jdk1.8.0_161\jre\lib\jsse.jar;C:\Program Files\Java\jdk1.8.0_161\jre\lib\jce.jar;C:\Program Files\Java\jdk1.8.0_161\jre\lib\charsets.jar;C:\Program Files\Java\jdk1.8.0_161\jre\lib\jfr.jar;C:\Program Files\Java\jdk1.8.0_161\jre\classes"/>
    <property name="user.script" value=""/>
    <property name="sun.management.compiler" value="HotSpot 64-Bit Tiered Compilers"/>
    <property name="java.runtime.version" value="1.8.0_161-b12"/>
    <property name="user.name" value="liuqiang"/>
    <property name="path.separator" value=";"/>
    <property name="os.version" value="10.0"/>
    <property name="java.endorsed.dirs" value="C:\Program Files\Java\jdk1.8.0_161\jre\lib\endorsed"/>
    <property name="java.runtime.name" value="Java(TM) SE Runtime Environment"/>
    <property name="file.encoding" value="GBK"/>
    <property name="java.vm.name" value="Java HotSpot(TM) 64-Bit Server VM"/>
    <property name="localRepository" value="D:\mavenlib"/>
    <property name="java.vendor.url.bug" value="http://bugreport.sun.com/bugreport/"/>
    <property name="java.io.tmpdir" value="C:\Users\liuqiang\AppData\Local\Temp\"/>
    <property name="java.version" value="1.8.0_161"/>
    <property name="user.dir" value="D:\sts_space\redisManager"/>
    <property name="os.arch" value="amd64"/>
    <property name="java.vm.specification.name" value="Java Virtual Machine Specification"/>
    <property name="java.awt.printerjob" value="sun.awt.windows.WPrinterJob"/>
    <property name="sun.os.patch.level" value=""/>
    <property name="java.library.path" value="C:\Program Files\Java\jdk1.8.0_161\jre\bin;C:\WINDOWS\Sun\Java\bin;C:\WINDOWS\system32;C:\WINDOWS;C:/Program Files/Java/jre1.8.0_161/bin/server;C:/Program Files/Java/jre1.8.0_161/bin;C:/Program Files/Java/jre1.8.0_161/lib/amd64;C:\ProgramData\Oracle\Java\javapath;C:\Program Files (x86)\Intel\iCLS Client\;C:\Program Files\Intel\iCLS Client\;C:\Windows\system32;C:\Windows;C:\Windows\System32\Wbem;C:\Windows\System32\WindowsPowerShell\v1.0\;C:\Program Files (x86)\Intel\Intel(R) Management Engine Components\DAL;C:\Program Files\Intel\Intel(R) Management Engine Components\DAL;C:\Program Files (x86)\Intel\Intel(R) Management Engine Components\IPT;C:\Program Files\Intel\Intel(R) Management Engine Components\IPT;C:\Program Files (x86)\NVIDIA Corporation\PhysX\Common;C:\Program Files\TortoiseSVN\bin;C:\WINDOWS\system32;C:\WINDOWS;C:\WINDOWS\System32\Wbem;C:\WINDOWS\System32\WindowsPowerShell\v1.0\;C:\Program Files\Git\cmd;C:\WINDOWS\System32\OpenSSH\;C:\Program Files\Intel\WiFi\bin\;C:\Program Files\Common Files\Intel\WirelessCommon\;C:\Program Files (x86)\Tail4win;C:\Users\liuqiang\AppData\Local\Microsoft\WindowsApps;C:\Program Files\Fiddler;C:\Users\liuqiang\AppData\Roaming\npm;D:\prg\apache-maven-3.5.3\bin;C:\Users\liuqiang\AppData\Local\GitHubDesktop\bin;%USERPROFILE%\AppData\Local\Microsoft\WindowsApps;;D:\prg\sts-bundle\sts-3.9.3.RELEASE;;."/>
    <property name="java.vm.info" value="mixed mode"/>
    <property name="java.vendor" value="Oracle Corporation"/>
    <property name="java.vm.version" value="25.161-b12"/>
    <property name="java.ext.dirs" value="C:\Program Files\Java\jdk1.8.0_161\jre\lib\ext;C:\WINDOWS\Sun\Java\lib\ext"/>
    <property name="sun.io.unicode.encoding" value="UnicodeLittle"/>
    <property name="java.class.version" value="52.0"/>
  </properties>
  <testcase name="contextLoads" classname="cn.lq.RedisManagerApplicationTests" time="0.096"/>
</testsuite>